<?xml version="1.0" encoding="UTF-8"?>
<testng-results ignored="0" total="2" passed="2" failed="0" skipped="0">
  <reporter-output>
  </reporter-output>
  <suite started-at="2024-04-20T14:42:03 ICT" name="Tokopedia Suite" finished-at="2024-04-20T14:42:18 ICT" duration-ms="15409">
    <groups>
    </groups>
    <test started-at="2024-04-20T14:42:03 ICT" name="Parallel Tests" finished-at="2024-04-20T14:42:18 ICT" duration-ms="15409">
      <class name="test.TC001_LoginPage">
        <test-method is-config="true" signature="setupDriver()[pri:0, instance:test.TC001_LoginPage@3ad2e17]" started-at="2024-04-20T14:42:03 ICT" name="setupDriver" finished-at="2024-04-20T14:42:10 ICT" duration-ms="7241" status="PASS">
          <reporter-output>
          </reporter-output>
        </test-method> <!-- setupDriver -->
        <test-method signature="openLoginPage()[pri:1, instance:test.TC001_LoginPage@3ad2e17]" started-at="2024-04-20T14:42:10 ICT" name="openLoginPage" finished-at="2024-04-20T14:42:12 ICT" duration-ms="2259" status="PASS">
          <reporter-output>
          </reporter-output>
        </test-method> <!-- openLoginPage -->
        <test-method is-config="true" signature="tearDown()[pri:0, instance:test.TC001_LoginPage@3ad2e17]" started-at="2024-04-20T14:42:12 ICT" name="tearDown" finished-at="2024-04-20T14:42:15 ICT" duration-ms="2253" status="PASS">
          <reporter-output>
          </reporter-output>
        </test-method> <!-- tearDown -->
      </class> <!-- test.TC001_LoginPage -->
      <class name="test.TC002_RegisterPage">
        <test-method is-config="true" signature="setupDriver()[pri:0, instance:test.TC002_RegisterPage@6e4566f1]" started-at="2024-04-20T14:42:03 ICT" name="setupDriver" finished-at="2024-04-20T14:42:12 ICT" duration-ms="8937" status="PASS">
          <reporter-output>
          </reporter-output>
        </test-method> <!-- setupDriver -->
        <test-method signature="openRegisterPage()[pri:1, instance:test.TC002_RegisterPage@6e4566f1]" started-at="2024-04-20T14:42:12 ICT" name="openRegisterPage" finished-at="2024-04-20T14:42:16 ICT" duration-ms="4158" status="PASS">
          <reporter-output>
          </reporter-output>
        </test-method> <!-- openRegisterPage -->
        <test-method is-config="true" signature="tearDown()[pri:0, instance:test.TC002_RegisterPage@6e4566f1]" started-at="2024-04-20T14:42:16 ICT" name="tearDown" finished-at="2024-04-20T14:42:18 ICT" duration-ms="2272" status="PASS">
          <reporter-output>
          </reporter-output>
        </test-method> <!-- tearDown -->
      </class> <!-- test.TC002_RegisterPage -->
    </test> <!-- Parallel Tests -->
  </suite> <!-- Tokopedia Suite -->
</testng-results>
